<?xml version="1.0" encoding="UTF-8"?>
<testng-results ignored="0" total="1" passed="1" failed="0" skipped="0">
  <reporter-output>
  </reporter-output>
  <suite started-at="2024-02-27T12:52:59 IST" name="Default suite" finished-at="2024-02-27T12:53:07 IST" duration-ms="7649">
    <groups>
    </groups>
    <test started-at="2024-02-27T12:52:59 IST" name="Default test" finished-at="2024-02-27T12:53:07 IST" duration-ms="7649">
      <class name="DataDriven.ReadExcel">
        <test-method signature="fblogin()[pri:0, instance:DataDriven.ReadExcel@639c2c1d]" started-at="2024-02-27T12:52:59 IST" name="fblogin" finished-at="2024-02-27T12:53:07 IST" duration-ms="7532" status="PASS">
          <reporter-output>
          </reporter-output>
        </test-method> <!-- fblogin -->
      </class> <!-- DataDriven.ReadExcel -->
    </test> <!-- Default test -->
  </suite> <!-- Default suite -->
</testng-results>
