<?xml version="1.0" encoding="UTF-8"?>
<testng-results ignored="0" total="1" passed="1" failed="0" skipped="0">
  <reporter-output>
  </reporter-output>
  <suite started-at="2024-02-28T10:51:29 IST" name="Suite" finished-at="2024-02-28T10:51:36 IST" duration-ms="6738">
    <groups>
    </groups>
    <test started-at="2024-02-28T10:51:29 IST" name="Test" finished-at="2024-02-28T10:51:36 IST" duration-ms="6738">
      <class name="DataDriven.ReadExcel">
        <test-method signature="fblogin()[pri:0, instance:DataDriven.ReadExcel@639c2c1d]" started-at="2024-02-28T10:51:29 IST" name="fblogin" finished-at="2024-02-28T10:51:36 IST" duration-ms="6654" status="PASS">
          <reporter-output>
          </reporter-output>
        </test-method> <!-- fblogin -->
      </class> <!-- DataDriven.ReadExcel -->
    </test> <!-- Test -->
  </suite> <!-- Suite -->
</testng-results>
